<?xml version="1.0" encoding="UTF-8"?>
<testsuite xmlns:xsi="http://www.w3.org/2001/XMLSchema-instance" xsi:noNamespaceSchemaLocation="https://maven.apache.org/surefire/maven-surefire-plugin/xsd/surefire-test-report.xsd" name="app.githubsearcher.controller.GithubUserSearcherControllerTest" time="11.571" tests="1" errors="1" skipped="0" failures="0">
  <properties>
[...]
</properties>
  <testcase name="testSearchGithubUser" classname="app.githubsearcher.controller.GithubUserSearcherControllerTest" time="2.174">
    <error message="401 Unauthorized" type="org.springframework.web.client.HttpClientErrorException$Unauthorized">org.springframework.web.client.HttpClientErrorException$Unauthorized: 401 Unauthorized
	at app.githubsearcher.controller.GithubUserSearcherControllerTest.testSearchGithubUser(GithubUserSearcherControllerTest.java:95)
</error>
    <system-out><![CDATA[18:30:00.265 [main] DEBUG org.springframework.test.context.junit4.SpringJUnit4ClassRunner - SpringJUnit4ClassRunner constructor called with [class app.githubsearcher.controller.GithubUserSearcherControllerTest]
18:30:00.272 [main] DEBUG org.springframework.test.context.BootstrapUtils - Instantiating CacheAwareContextLoaderDelegate from class [org.springframework.test.context.cache.DefaultCacheAwareContextLoaderDelegate]
18:30:00.288 [main] DEBUG org.springframework.test.context.BootstrapUtils - Instantiating BootstrapContext using constructor [public org.springframework.test.context.support.DefaultBootstrapContext(java.lang.Class,org.springframework.test.context.CacheAwareContextLoaderDelegate)]
18:30:00.325 [main] DEBUG org.springframework.test.context.BootstrapUtils - Instantiating TestContextBootstrapper for test class [app.githubsearcher.controller.GithubUserSearcherControllerTest] from class [org.springframework.boot.test.context.SpringBootTestContextBootstrapper]
18:30:00.343 [main] INFO org.springframework.boot.test.context.SpringBootTestContextBootstrapper - Neither @ContextConfiguration nor @ContextHierarchy found for test class [app.githubsearcher.controller.GithubUserSearcherControllerTest], using SpringBootContextLoader
18:30:00.347 [main] DEBUG org.springframework.test.context.support.AbstractContextLoader - Did not detect default resource location for test class [app.githubsearcher.controller.GithubUserSearcherControllerTest]: class path resource [app/githubsearcher/controller/GithubUserSearcherControllerTest-context.xml] does not exist
18:30:00.348 [main] DEBUG org.springframework.test.context.support.AbstractContextLoader - Did not detect default resource location for test class [app.githubsearcher.controller.GithubUserSearcherControllerTest]: class path resource [app/githubsearcher/controller/GithubUserSearcherControllerTestContext.groovy] does not exist
18:30:00.348 [main] INFO org.springframework.test.context.support.AbstractContextLoader - Could not detect default resource locations for test class [app.githubsearcher.controller.GithubUserSearcherControllerTest]: no resource found for suffixes {-context.xml, Context.groovy}.
18:30:00.349 [main] INFO org.springframework.test.context.support.AnnotationConfigContextLoaderUtils - Could not detect default configuration classes for test class [app.githubsearcher.controller.GithubUserSearcherControllerTest]: GithubUserSearcherControllerTest does not declare any static, non-private, non-final, nested classes annotated with @Configuration.
18:30:00.413 [main] DEBUG org.springframework.test.context.support.ActiveProfilesUtils - Could not find an 'annotation declaring class' for annotation type [org.springframework.test.context.ActiveProfiles] and class [app.githubsearcher.controller.GithubUserSearcherControllerTest]
18:30:00.508 [main] DEBUG org.springframework.context.annotation.ClassPathScanningCandidateComponentProvider - Identified candidate component class: file [/home/skuarch/Projects/github-searcher/target/classes/app/githubsearcher/GithubSearcherApplication.class]
18:30:00.509 [main] INFO org.springframework.boot.test.context.SpringBootTestContextBootstrapper - Found @SpringBootConfiguration app.githubsearcher.GithubSearcherApplication for test class app.githubsearcher.controller.GithubUserSearcherControllerTest
18:30:00.613 [main] DEBUG org.springframework.boot.test.context.SpringBootTestContextBootstrapper - @TestExecutionListeners is not present for class [app.githubsearcher.controller.GithubUserSearcherControllerTest]: using defaults.
18:30:00.614 [main] INFO org.springframework.boot.test.context.SpringBootTestContextBootstrapper - Loaded default TestExecutionListener class names from location [META-INF/spring.factories]: [org.springframework.boot.test.mock.mockito.MockitoTestExecutionListener, org.springframework.boot.test.mock.mockito.ResetMocksTestExecutionListener, org.springframework.boot.test.autoconfigure.restdocs.RestDocsTestExecutionListener, org.springframework.boot.test.autoconfigure.web.client.MockRestServiceServerResetTestExecutionListener, org.springframework.boot.test.autoconfigure.web.servlet.MockMvcPrintOnlyOnFailureTestExecutionListener, org.springframework.boot.test.autoconfigure.web.servlet.WebDriverTestExecutionListener, org.springframework.test.context.web.ServletTestExecutionListener, org.springframework.test.context.support.DirtiesContextBeforeModesTestExecutionListener, org.springframework.test.context.support.DependencyInjectionTestExecutionListener, org.springframework.test.context.support.DirtiesContextTestExecutionListener, org.springframework.test.context.transaction.TransactionalTestExecutionListener, org.springframework.test.context.jdbc.SqlScriptsTestExecutionListener]
18:30:00.632 [main] INFO org.springframework.boot.test.context.SpringBootTestContextBootstrapper - Using TestExecutionListeners: [org.springframework.test.context.web.ServletTestExecutionListener@74235045, org.springframework.test.context.support.DirtiesContextBeforeModesTestExecutionListener@618b19ad, org.springframework.boot.test.mock.mockito.MockitoTestExecutionListener@2d3379b4, org.springframework.boot.test.autoconfigure.SpringBootDependencyInjectionTestExecutionListener@30c15d8b, org.springframework.test.context.support.DirtiesContextTestExecutionListener@5e0e82ae, org.springframework.test.context.transaction.TransactionalTestExecutionListener@6771beb3, org.springframework.test.context.jdbc.SqlScriptsTestExecutionListener@51399530, org.springframework.boot.test.mock.mockito.ResetMocksTestExecutionListener@6b2ea799, org.springframework.boot.test.autoconfigure.restdocs.RestDocsTestExecutionListener@411f53a0, org.springframework.boot.test.autoconfigure.web.client.MockRestServiceServerResetTestExecutionListener@2b71e916, org.springframework.boot.test.autoconfigure.web.servlet.MockMvcPrintOnlyOnFailureTestExecutionListener@36fc695d, org.springframework.boot.test.autoconfigure.web.servlet.WebDriverTestExecutionListener@28701274]
18:30:00.634 [main] DEBUG org.springframework.test.annotation.ProfileValueUtils - Retrieved @ProfileValueSourceConfiguration [null] for test class [app.githubsearcher.controller.GithubUserSearcherControllerTest]
18:30:00.635 [main] DEBUG org.springframework.test.annotation.ProfileValueUtils - Retrieved ProfileValueSource type [class org.springframework.test.annotation.SystemProfileValueSource] for class [app.githubsearcher.controller.GithubUserSearcherControllerTest]
18:30:00.636 [main] DEBUG org.springframework.test.annotation.ProfileValueUtils - Retrieved @ProfileValueSourceConfiguration [null] for test class [app.githubsearcher.controller.GithubUserSearcherControllerTest]
18:30:00.636 [main] DEBUG org.springframework.test.annotation.ProfileValueUtils - Retrieved ProfileValueSource type [class org.springframework.test.annotation.SystemProfileValueSource] for class [app.githubsearcher.controller.GithubUserSearcherControllerTest]
18:30:00.637 [main] DEBUG org.springframework.test.annotation.ProfileValueUtils - Retrieved @ProfileValueSourceConfiguration [null] for test class [app.githubsearcher.controller.GithubUserSearcherControllerTest]
18:30:00.637 [main] DEBUG org.springframework.test.annotation.ProfileValueUtils - Retrieved ProfileValueSource type [class org.springframework.test.annotation.SystemProfileValueSource] for class [app.githubsearcher.controller.GithubUserSearcherControllerTest]
18:30:00.641 [main] DEBUG org.springframework.test.context.support.AbstractDirtiesContextTestExecutionListener - Before test class: context [DefaultTestContext@4c402120 testClass = GithubUserSearcherControllerTest, testInstance = [null], testMethod = [null], testException = [null], mergedContextConfiguration = [WebMergedContextConfiguration@327514f testClass = GithubUserSearcherControllerTest, locations = '{}', classes = '{class app.githubsearcher.GithubSearcherApplication}', contextInitializerClasses = '[]', activeProfiles = '{}', propertySourceLocations = '{}', propertySourceProperties = '{org.springframework.boot.test.context.SpringBootTestContextBootstrapper=true, server.port=0}', contextCustomizers = set[[ImportsContextCustomizer@5b12b668 key = [org.springframework.boot.test.autoconfigure.web.servlet.MockMvcAutoConfiguration, org.springframework.boot.test.autoconfigure.web.servlet.MockMvcSecurityAutoConfiguration, org.springframework.boot.test.autoconfigure.web.servlet.MockMvcWebClientAutoConfiguration, org.springframework.boot.test.autoconfigure.web.servlet.MockMvcWebDriverAutoConfiguration]], org.springframework.boot.test.context.filter.ExcludeFilterContextCustomizer@43a0cee9, org.springframework.boot.test.json.DuplicateJsonObjectContextCustomizerFactory$DuplicateJsonObjectContextCustomizer@3578436e, org.springframework.boot.test.mock.mockito.MockitoContextCustomizer@0, org.springframework.boot.test.web.client.TestRestTemplateContextCustomizer@5579bb86, org.springframework.boot.test.autoconfigure.properties.PropertyMappingContextCustomizer@e7e8512, org.springframework.boot.test.autoconfigure.web.servlet.WebDriverContextCustomizerFactory$Customizer@4ae82894], resourceBasePath = 'src/main/webapp', contextLoader = 'org.springframework.boot.test.context.SpringBootContextLoader', parent = [null]], attributes = map['org.springframework.test.context.web.ServletTestExecutionListener.activateListener' -> false]], class annotated with @DirtiesContext [true] with mode [AFTER_CLASS].
18:30:00.642 [main] DEBUG org.springframework.test.annotation.ProfileValueUtils - Retrieved @ProfileValueSourceConfiguration [null] for test class [app.githubsearcher.controller.GithubUserSearcherControllerTest]
18:30:00.642 [main] DEBUG org.springframework.test.annotation.ProfileValueUtils - Retrieved ProfileValueSource type [class org.springframework.test.annotation.SystemProfileValueSource] for class [app.githubsearcher.controller.GithubUserSearcherControllerTest]
18:30:00.646 [main] DEBUG org.springframework.test.context.support.DependencyInjectionTestExecutionListener - Performing dependency injection for test context [[DefaultTestContext@4c402120 testClass = GithubUserSearcherControllerTest, testInstance = app.githubsearcher.controller.GithubUserSearcherControllerTest@3eb25e1a, testMethod = [null], testException = [null], mergedContextConfiguration = [WebMergedContextConfiguration@327514f testClass = GithubUserSearcherControllerTest, locations = '{}', classes = '{class app.githubsearcher.GithubSearcherApplication}', contextInitializerClasses = '[]', activeProfiles = '{}', propertySourceLocations = '{}', propertySourceProperties = '{org.springframework.boot.test.context.SpringBootTestContextBootstrapper=true, server.port=0}', contextCustomizers = set[[ImportsContextCustomizer@5b12b668 key = [org.springframework.boot.test.autoconfigure.web.servlet.MockMvcAutoConfiguration, org.springframework.boot.test.autoconfigure.web.servlet.MockMvcSecurityAutoConfiguration, org.springframework.boot.test.autoconfigure.web.servlet.MockMvcWebClientAutoConfiguration, org.springframework.boot.test.autoconfigure.web.servlet.MockMvcWebDriverAutoConfiguration]], org.springframework.boot.test.context.filter.ExcludeFilterContextCustomizer@43a0cee9, org.springframework.boot.test.json.DuplicateJsonObjectContextCustomizerFactory$DuplicateJsonObjectContextCustomizer@3578436e, org.springframework.boot.test.mock.mockito.MockitoContextCustomizer@0, org.springframework.boot.test.web.client.TestRestTemplateContextCustomizer@5579bb86, org.springframework.boot.test.autoconfigure.properties.PropertyMappingContextCustomizer@e7e8512, org.springframework.boot.test.autoconfigure.web.servlet.WebDriverContextCustomizerFactory$Customizer@4ae82894], resourceBasePath = 'src/main/webapp', contextLoader = 'org.springframework.boot.test.context.SpringBootContextLoader', parent = [null]], attributes = map['org.springframework.test.context.web.ServletTestExecutionListener.activateListener' -> false]]].
18:30:00.678 [main] DEBUG org.springframework.test.context.support.TestPropertySourceUtils - Adding inlined properties to environment: {spring.jmx.enabled=false, org.springframework.boot.test.context.SpringBootTestContextBootstrapper=true, server.port=0}



              _                            _                       
             (_)                          | |                      
   __ _ _ __  _ ______ ___ _ __ ___  _ __ | | ___  _   _  ___  ___ 
  / _` | '_ \| |______/ _ \ '_ ` _ \| '_ \| |/ _ \| | | |/ _ \/ _ \
 | (_| | |_) | |     |  __/ | | | | | |_) | | (_) | |_| |  __/  __/
  \__,_| .__/|_|      \___|_| |_| |_| .__/|_|\___/ \__, |\___|\___|
       | |                          | |             __/ |          
       |_|                          |_|            |___/           



2019-06-24 18:30:01.106  INFO 8511 --- [           main] a.g.c.GithubUserSearcherControllerTest   : Starting GithubUserSearcherControllerTest on skuarch-lap with PID 8511 (started by skuarch in /home/skuarch/Projects/github-searcher)
2019-06-24 18:30:01.109  INFO 8511 --- [           main] a.g.c.GithubUserSearcherControllerTest   : No active profile set, falling back to default profiles: default
2019-06-24 18:30:02.652  INFO 8511 --- [           main] .s.d.r.c.RepositoryConfigurationDelegate : Bootstrapping Spring Data repositories in DEFAULT mode.
2019-06-24 18:30:02.747  INFO 8511 --- [           main] .s.d.r.c.RepositoryConfigurationDelegate : Finished Spring Data repository scanning in 83ms. Found 2 repository interfaces.
2019-06-24 18:30:03.458  INFO 8511 --- [           main] trationDelegate$BeanPostProcessorChecker : Bean 'org.springframework.transaction.annotation.ProxyTransactionManagementConfiguration' of type [org.springframework.transaction.annotation.ProxyTransactionManagementConfiguration$$EnhancerBySpringCGLIB$$587b3002] is not eligible for getting processed by all BeanPostProcessors (for example: not eligible for auto-proxying)
2019-06-24 18:30:04.091  INFO 8511 --- [           main] o.s.b.w.embedded.tomcat.TomcatWebServer  : Tomcat initialized with port(s): 0 (http)
2019-06-24 18:30:04.134  INFO 8511 --- [           main] o.apache.catalina.core.StandardService   : Starting service [Tomcat]
2019-06-24 18:30:04.135  INFO 8511 --- [           main] org.apache.catalina.core.StandardEngine  : Starting Servlet engine: [Apache Tomcat/9.0.19]
2019-06-24 18:30:04.260  INFO 8511 --- [           main] o.a.c.c.C.[Tomcat].[localhost].[/]       : Initializing Spring embedded WebApplicationContext
2019-06-24 18:30:04.261  INFO 8511 --- [           main] o.s.web.context.ContextLoader            : Root WebApplicationContext: initialization completed in 3072 ms
2019-06-24 18:30:05.330  INFO 8511 --- [           main] o.f.c.internal.license.VersionPrinter    : Flyway Community Edition 5.2.4 by Boxfuse
2019-06-24 18:30:05.337  INFO 8511 --- [           main] com.zaxxer.hikari.HikariDataSource       : HikariPool-1 - Starting...
2019-06-24 18:30:05.568  INFO 8511 --- [           main] com.zaxxer.hikari.HikariDataSource       : HikariPool-1 - Start completed.
2019-06-24 18:30:05.582  INFO 8511 --- [           main] o.f.c.internal.database.DatabaseFactory  : Database: jdbc:h2:file:~/github-users (H2 1.4)
2019-06-24 18:30:05.648  WARN 8511 --- [           main] o.f.c.internal.database.base.Database    : Flyway upgrade recommended: H2 1.4.199 is newer than this version of Flyway and support has not been tested.
2019-06-24 18:30:05.754  INFO 8511 --- [           main] o.f.core.internal.command.DbValidate     : Successfully validated 5 migrations (execution time 00:00.036s)
2019-06-24 18:30:05.770  INFO 8511 --- [           main] o.f.c.i.s.JdbcTableSchemaHistory         : Creating Schema History table: "PUBLIC"."flyway_schema_history"
2019-06-24 18:30:05.845  INFO 8511 --- [           main] o.f.core.internal.command.DbMigrate      : Current version of schema "PUBLIC": << Empty Schema >>
2019-06-24 18:30:05.849  INFO 8511 --- [           main] o.f.core.internal.command.DbMigrate      : Migrating schema "PUBLIC" to version 1 - github user
2019-06-24 18:30:05.878  INFO 8511 --- [           main] o.f.core.internal.command.DbMigrate      : Migrating schema "PUBLIC" to version 2 - github user add soft deleted
2019-06-24 18:30:05.901  INFO 8511 --- [           main] o.f.core.internal.command.DbMigrate      : Migrating schema "PUBLIC" to version 3 - github user insert
2019-06-24 18:30:05.918  INFO 8511 --- [           main] o.f.core.internal.command.DbMigrate      : Migrating schema "PUBLIC" to version 4 - config table
2019-06-24 18:30:05.932  INFO 8511 --- [           main] o.f.core.internal.command.DbMigrate      : Migrating schema "PUBLIC" to version 5 - add token config
2019-06-24 18:30:05.949  INFO 8511 --- [           main] o.f.core.internal.command.DbMigrate      : Successfully applied 5 migrations to schema "PUBLIC" (execution time 00:00.183s)
2019-06-24 18:30:06.262  INFO 8511 --- [           main] o.hibernate.jpa.internal.util.LogHelper  : HHH000204: Processing PersistenceUnitInfo [
	name: default
	...]
2019-06-24 18:30:06.367  INFO 8511 --- [           main] org.hibernate.Version                    : HHH000412: Hibernate Core {5.3.10.Final}
2019-06-24 18:30:06.369  INFO 8511 --- [           main] org.hibernate.cfg.Environment            : HHH000206: hibernate.properties not found
2019-06-24 18:30:06.565  INFO 8511 --- [           main] o.hibernate.annotations.common.Version   : HCANN000001: Hibernate Commons Annotations {5.0.4.Final}
2019-06-24 18:30:06.706  INFO 8511 --- [           main] org.hibernate.dialect.Dialect            : HHH000400: Using dialect: org.hibernate.dialect.H2Dialect
2019-06-24 18:30:07.404  INFO 8511 --- [           main] j.LocalContainerEntityManagerFactoryBean : Initialized JPA EntityManagerFactory for persistence unit 'default'
2019-06-24 18:30:08.454  INFO 8511 --- [           main] o.s.s.concurrent.ThreadPoolTaskExecutor  : Initializing ExecutorService 'applicationTaskExecutor'
2019-06-24 18:30:08.507  WARN 8511 --- [           main] aWebConfiguration$JpaWebMvcConfiguration : spring.jpa.open-in-view is enabled by default. Therefore, database queries may be performed during view rendering. Explicitly configure spring.jpa.open-in-view to disable this warning
2019-06-24 18:30:09.021  INFO 8511 --- [           main] o.a.c.c.C.[Tomcat].[localhost].[/]       : Initializing Spring TestDispatcherServlet ''
2019-06-24 18:30:09.021  INFO 8511 --- [           main] o.s.t.web.servlet.TestDispatcherServlet  : Initializing Servlet ''
2019-06-24 18:30:09.048  INFO 8511 --- [           main] o.s.b.a.e.web.EndpointLinksResolver      : Exposing 2 endpoint(s) beneath base path '/actuator'
2019-06-24 18:30:09.095  INFO 8511 --- [           main] o.s.t.web.servlet.TestDispatcherServlet  : Completed initialization in 74 ms
2019-06-24 18:30:09.203  INFO 8511 --- [           main] o.s.b.w.embedded.tomcat.TomcatWebServer  : Tomcat started on port(s): 45459 (http) with context path ''
2019-06-24 18:30:09.207  INFO 8511 --- [           main] a.g.c.GithubUserSearcherControllerTest   : Started GithubUserSearcherControllerTest in 8.528 seconds (JVM running for 9.429)
2019-06-24 18:30:11.166  INFO 8511 --- [           main] o.h.h.i.QueryTranslatorFactoryInitiator  : HHH000397: Using ASTQueryTranslatorFactory
]]></system-out>
  </testcase>
</testsuite>